Flutter crash report.
Please report a bug at https://github.com/flutter/flutter/issues.

## command

flutter --quiet assemble --no-version-check --depfile D:\Work\FYP\Safar\build\app\intermediates\flutter\debug/flutter_build.d --output D:\Work\FYP\Safar\build\app\intermediates\flutter\debug -dTargetFile=D:\Work\FYP\Safar\lib\main.dart -dTargetPlatform=android -dBuildMode=debug -dTrackWidgetCreation=true --DartDefines=RkxVVFRFUl9XRUJfQ0FOVkFTS0lUX1VSTD1odHRwczovL3d3dy5nc3RhdGljLmNvbS9mbHV0dGVyLWNhbnZhc2tpdC8yMzVkYjkxMWJhMjc5NzIyZjVlNjg1ZjM4YjBlZDMwZmE3ZTg1NzBhLw== -dFlavor= -dAndroidArchs=android-arm64 -dMinSdkVersion=23 debug_android_application

## exception

PathAccessException: PathAccessException: Cannot delete file, path = 'D:\Work\FYP\Safar\build\app\intermediates\flutter\debug\flutter_assets\packages/icons_plus/assets/images/logos/software-development/fonticons.svg' (OS Error: The process cannot access the file because it is being used by another process.
, errno = 32)

```
#0      _File.throwIfError (dart:io/file_impl.dart:675:7)
#1      _File._deleteSync (dart:io/file_impl.dart:329:5)
#2      FileSystemEntity.deleteSync (dart:io/file_system_entity.dart:407:7)
#3      ForwardingFileSystemEntity.deleteSync (package:file/src/forwarding/forwarding_file_system_entity.dart:70:16)
#4      ForwardingFileSystemEntity.deleteSync (package:file/src/forwarding/forwarding_file_system_entity.dart:70:16)
#5      ErrorHandlingFileSystem.deleteIfExists (package:flutter_tools/src/base/error_handling_io.dart:84:14)
#6      FlutterBuildSystem.trackSharedBuildDirectory (package:flutter_tools/src/build_system/build_system.dart:778:33)
#7      FlutterBuildSystem.build (package:flutter_tools/src/build_system/build_system.dart:666:5)
<asynchronous suspension>
#8      AssembleCommand.runCommand (package:flutter_tools/src/commands/assemble.dart:322:32)
<asynchronous suspension>
#9      FlutterCommand.run.<anonymous closure> (package:flutter_tools/src/runner/flutter_command.dart:1394:27)
<asynchronous suspension>
#10     AppContext.run.<anonymous closure> (package:flutter_tools/src/base/context.dart:153:19)
<asynchronous suspension>
#11     CommandRunner.runCommand (package:args/command_runner.dart:212:13)
<asynchronous suspension>
#12     FlutterCommandRunner.runCommand.<anonymous closure> (package:flutter_tools/src/runner/flutter_command_runner.dart:372:9)
<asynchronous suspension>
#13     AppContext.run.<anonymous closure> (package:flutter_tools/src/base/context.dart:153:19)
<asynchronous suspension>
#14     FlutterCommandRunner.runCommand (package:flutter_tools/src/runner/flutter_command_runner.dart:308:5)
<asynchronous suspension>
#15     run.<anonymous closure>.<anonymous closure> (package:flutter_tools/runner.dart:130:9)
<asynchronous suspension>
#16     AppContext.run.<anonymous closure> (package:flutter_tools/src/base/context.dart:153:19)
<asynchronous suspension>
#17     main (package:flutter_tools/executable.dart:93:3)
<asynchronous suspension>
```

## flutter doctor

```
[✓] Flutter (Channel stable, 3.22.3, on Microsoft Windows [Version 10.0.22631.4460], locale en-GB)
    • Flutter version 3.22.3 on channel stable at D:\Softwares\flutterSDK\flutter
    • Upstream repository https://github.com/flutter/flutter.git
    • Framework revision b0850beeb2 (5 months ago), 2024-07-16 21:43:41 -0700
    • Engine revision 235db911ba
    • Dart version 3.4.4
    • DevTools version 2.34.3

[✓] Windows Version (Installed version of Windows is version 10 or higher)

[✓] Android toolchain - develop for Android devices (Android SDK version 34.0.0)
    • Android SDK at C:\Users\mrg18\AppData\Local\Android\Sdk\
    • Platform android-34, build-tools 34.0.0
    • ANDROID_HOME = C:\Users\mrg18\AppData\Local\Android\Sdk\
    • Java binary at: C:\Program Files\Android\Android Studio\jbr\bin\java
    • Java version OpenJDK Runtime Environment (build 17.0.7+0-b2043.56-10550314)
    • All Android licenses accepted.

[✓] Chrome - develop for the web
    • Chrome at C:\Program Files\Google\Chrome\Application\chrome.exe

[✓] Visual Studio - develop Windows apps (Visual Studio Community 2022 17.8.3)
    • Visual Studio at C:\Program Files\Microsoft Visual Studio\2022\Community
    • Visual Studio Community 2022 version 17.8.34330.188
    • Windows 10 SDK version 10.0.22000.0

[✓] Android Studio (version 2023.1)
    • Android Studio at C:\Program Files\Android\Android Studio
    • Flutter plugin can be installed from:
      🔨 https://plugins.jetbrains.com/plugin/9212-flutter
    • Dart plugin can be installed from:
      🔨 https://plugins.jetbrains.com/plugin/6351-dart
    • Java version OpenJDK Runtime Environment (build 17.0.7+0-b2043.56-10550314)

[✓] IntelliJ IDEA Community Edition (version 2021.3)
    • IntelliJ at D:\Softwares\IntelliJ IDEA Community Edition 2021.3.2
    • Flutter plugin can be installed from:
      🔨 https://plugins.jetbrains.com/plugin/9212-flutter
    • Dart plugin can be installed from:
      🔨 https://plugins.jetbrains.com/plugin/6351-dart

[✓] Connected device (4 available)
    • SM N950F (mobile) • 988a1b3450324e354730 • android-arm64  • Android 9 (API 28)
    • Windows (desktop) • windows              • windows-x64    • Microsoft Windows [Version 10.0.22631.4460]
    • Chrome (web)      • chrome               • web-javascript • Google Chrome 131.0.6778.109
    • Edge (web)        • edge                 • web-javascript • Microsoft Edge 131.0.2903.86

[✓] Network resources
    • All expected network resources are available.

• No issues found!
```
